# JRE version: Java(TM) SE Runtime Environment (8.0_151-b12) (build 1.8.0_151-b12)
# Java VM: Java HotSpot(TM) 64-Bit Server VM (25.151-b12 mixed mode linux-amd64 compressed oops)
Heap:
 garbage-first heap   total 419840K, used 141314K [0x00000000c0000000, 0x00000000c0100cd0, 0x0000000100000000)
  region size 1024K, 29 young (29696K), 7 survivors (7168K)
 Metaspace       used 142258K, capacity 155692K, committed 157052K, reserved 1185792K
  class space    used 17152K, capacity 20763K, committed 21116K, reserved 1048576K
GC Heap History (10 events):
Event: 675.108 GC heap before
{Heap before GC invocations=53 (full 3):
 garbage-first heap   total 262144K, used 226611K [0x00000000c0000000, 0x00000000c0100800, 0x0000000100000000)
  region size 1024K, 113 young (115712K), 0 survivors (0K)
 Metaspace       used 135551K, capacity 148812K, committed 148988K, reserved 1177600K
  class space    used 16398K, capacity 20217K, committed 20220K, reserved 1048576K
Event: 675.177 GC heap after
Heap after GC invocations=54 (full 3):
 garbage-first heap   total 262144K, used 124211K [0x00000000c0000000, 0x00000000c0100800, 0x0000000100000000)
  region size 1024K, 13 young (13312K), 13 survivors (13312K)
 Metaspace       used 135551K, capacity 148812K, committed 148988K, reserved 1177600K
  class space    used 16398K, capacity 20217K, committed 20220K, reserved 1048576K
}
Event: 678.307 GC heap before
{Heap before GC invocations=54 (full 3):
 garbage-first heap   total 262144K, used 221491K [0x00000000c0000000, 0x00000000c0100800, 0x0000000100000000)
  region size 1024K, 108 young (110592K), 13 survivors (13312K)
 Metaspace       used 135709K, capacity 149004K, committed 149244K, reserved 1177600K
  class space    used 16405K, capacity 20217K, committed 20220K, reserved 1048576K
Event: 678.365 GC heap after
Heap after GC invocations=55 (full 3):
 garbage-first heap   total 262144K, used 119603K [0x00000000c0000000, 0x00000000c0100800, 0x0000000100000000)
  region size 1024K, 9 young (9216K), 9 survivors (9216K)
 Metaspace       used 135709K, capacity 149004K, committed 149244K, reserved 1177600K
  class space    used 16405K, capacity 20217K, committed 20220K, reserved 1048576K
}
Event: 699.992 GC heap before
{Heap before GC invocations=55 (full 3):
 garbage-first heap   total 262144K, used 225075K [0x00000000c0000000, 0x00000000c0100800, 0x0000000100000000)
  region size 1024K, 112 young (114688K), 9 survivors (9216K)
 Metaspace       used 139546K, capacity 152772K, committed 152956K, reserved 1181696K
  class space    used 16981K, capacity 20778K, committed 20860K, reserved 1048576K
Event: 700.058 GC heap after
Heap after GC invocations=56 (full 3):
 garbage-first heap   total 419840K, used 118067K [0x00000000c0000000, 0x00000000c0100cd0, 0x0000000100000000)
  region size 1024K, 7 young (7168K), 7 survivors (7168K)
 Metaspace       used 139546K, capacity 152772K, committed 152956K, reserved 1181696K
  class space    used 16981K, capacity 20778K, committed 20860K, reserved 1048576K
}
Event: 767.556 GC heap before
{Heap before GC invocations=56 (full 3):
 garbage-first heap   total 419840K, used 362803K [0x00000000c0000000, 0x00000000c0100cd0, 0x0000000100000000)
  region size 1024K, 246 young (251904K), 7 survivors (7168K)
 Metaspace       used 141295K, capacity 154780K, committed 155132K, reserved 1183744K
  class space    used 17158K, capacity 20946K, committed 20988K, reserved 1048576K
Event: 767.615 GC heap after
Heap after GC invocations=57 (full 3):
 garbage-first heap   total 419840K, used 118067K [0x00000000c0000000, 0x00000000c0100cd0, 0x0000000100000000)
  region size 1024K, 7 young (7168K), 7 survivors (7168K)
 Metaspace       used 141295K, capacity 154780K, committed 155132K, reserved 1183744K
  class space    used 17158K, capacity 20946K, committed 20988K, reserved 1048576K
}
Event: 792.782 GC heap before
{Heap before GC invocations=57 (full 3):
 garbage-first heap   total 419840K, used 252748K [0x00000000c0000000, 0x00000000c0100cd0, 0x0000000100000000)
  region size 1024K, 100 young (102400K), 7 survivors (7168K)
 Metaspace       used 143015K, capacity 156574K, committed 156796K, reserved 1185792K
  class space    used 17321K, capacity 21064K, committed 21116K, reserved 1048576K
Event: 792.840 GC heap after
Heap after GC invocations=58 (full 3):
 garbage-first heap   total 419840K, used 119184K [0x00000000c0000000, 0x00000000c0100cd0, 0x0000000100000000)
  region size 1024K, 7 young (7168K), 7 survivors (7168K)
 Metaspace       used 143015K, capacity 156574K, committed 156796K, reserved 1185792K
  class space    used 17321K, capacity 21064K, committed 21116K, reserved 1048576K
}

